[INFO] Scanning for projects...
[INFO] 
[INFO] -------------------< com.pmendonca:testeIntegracao >--------------------
[INFO] Building testeIntegracao 1.0-SNAPSHOT
[INFO] --------------------------------[ jar ]---------------------------------
[INFO] 
[INFO] --- maven-clean-plugin:2.5:clean (default-clean) @ testeIntegracao ---
[INFO] Deleting C:\Users\John Peter\Desktop\Aulas\VERIVAL\TestedeIntegracao\target
[INFO] 
[INFO] --- jacoco-maven-plugin:0.8.1:prepare-agent (prepare-agent) @ testeIntegracao ---
[INFO] argLine set to "-javaagent:C:\\Users\\John Peter\\.m2\\repository\\org\\jacoco\\org.jacoco.agent\\0.8.1\\org.jacoco.agent-0.8.1-runtime.jar=destfile=C:\\Users\\John Peter\\Desktop\\Aulas\\VERIVAL\\TestedeIntegracao\\target\\jacoco.exec"
[INFO] 
[INFO] --- maven-resources-plugin:2.6:resources (default-resources) @ testeIntegracao ---
[INFO] Using 'UTF-8' encoding to copy filtered resources.
[INFO] skip non existing resourceDirectory C:\Users\John Peter\Desktop\Aulas\VERIVAL\TestedeIntegracao\src\main\resources
[INFO] 
[INFO] --- maven-compiler-plugin:3.7.0:compile (default-compile) @ testeIntegracao ---
[INFO] Changes detected - recompiling the module!
[INFO] Compiling 4 source files to C:\Users\John Peter\Desktop\Aulas\VERIVAL\TestedeIntegracao\target\classes
[INFO] 
[INFO] --- maven-resources-plugin:2.6:testResources (default-testResources) @ testeIntegracao ---
[INFO] Using 'UTF-8' encoding to copy filtered resources.
[INFO] skip non existing resourceDirectory C:\Users\John Peter\Desktop\Aulas\VERIVAL\TestedeIntegracao\src\test\resources
[INFO] 
[INFO] --- maven-compiler-plugin:3.7.0:testCompile (default-testCompile) @ testeIntegracao ---
[INFO] Changes detected - recompiling the module!
[INFO] Compiling 5 source files to C:\Users\John Peter\Desktop\Aulas\VERIVAL\TestedeIntegracao\target\test-classes
[INFO] 
[INFO] --- maven-surefire-plugin:2.19.1:test (default-test) @ testeIntegracao ---

-------------------------------------------------------
 T E S T S
-------------------------------------------------------

Results :

Tests run: 0, Failures: 0, Errors: 0, Skipped: 0

[INFO] 
[INFO] --- jacoco-maven-plugin:0.8.1:report (post-unit-test) @ testeIntegracao ---
[INFO] Loading execution data file C:\Users\John Peter\Desktop\Aulas\VERIVAL\TestedeIntegracao\target\jacoco.exec
[INFO] Analyzed bundle 'testeIntegracao' with 4 classes
[INFO] 
[INFO] --- jacoco-maven-plugin:0.8.1:report (report) @ testeIntegracao ---
[INFO] Loading execution data file C:\Users\John Peter\Desktop\Aulas\VERIVAL\TestedeIntegracao\target\jacoco.exec
[INFO] Analyzed bundle 'testeIntegracao' with 4 classes
[INFO] 
[INFO] --- maven-jar-plugin:2.4:jar (default-jar) @ testeIntegracao ---
[INFO] Building jar: C:\Users\John Peter\Desktop\Aulas\VERIVAL\TestedeIntegracao\target\testeIntegracao-1.0-SNAPSHOT.jar
[INFO] 
[INFO] --- maven-shade-plugin:2.1:shade (default) @ testeIntegracao ---
[INFO] Including org.assertj:assertj-core:jar:3.14.0 in the shaded jar.
[INFO] Including junit:junit:jar:4.11 in the shaded jar.
[INFO] Including org.hamcrest:hamcrest-core:jar:1.3 in the shaded jar.
[INFO] Including org.junit.jupiter:junit-jupiter-engine:jar:5.1.0-RC1 in the shaded jar.
[INFO] Including org.apiguardian:apiguardian-api:jar:1.0.0 in the shaded jar.
[INFO] Including org.junit.platform:junit-platform-engine:jar:1.1.0-RC1 in the shaded jar.
[INFO] Including org.junit.platform:junit-platform-commons:jar:1.1.0-RC1 in the shaded jar.
[INFO] Including org.opentest4j:opentest4j:jar:1.0.0 in the shaded jar.
[INFO] Including org.junit.jupiter:junit-jupiter-api:jar:5.1.0-RC1 in the shaded jar.
[INFO] Including org.junit.jupiter:junit-jupiter-params:jar:5.1.0-RC1 in the shaded jar.
[INFO] Including org.mockito:mockito-core:jar:3.2.0 in the shaded jar.
[INFO] Including net.bytebuddy:byte-buddy:jar:1.10.3 in the shaded jar.
[INFO] Including net.bytebuddy:byte-buddy-agent:jar:1.10.3 in the shaded jar.
[INFO] Including org.objenesis:objenesis:jar:2.6 in the shaded jar.
[INFO] Including org.hsqldb:hsqldb:jar:2.5.0 in the shaded jar.
[WARNING] assertj-core-3.14.0.jar, byte-buddy-1.10.3.jar, byte-buddy-agent-1.10.3.jar define 1 overlappping classes: 
[WARNING]   - META-INF.versions.9.module-info
[WARNING] maven-shade-plugin has detected that some .class files
[WARNING] are present in two or more JARs. When this happens, only
[WARNING] one single version of the class is copied in the uberjar.
[WARNING] Usually this is not harmful and you can skeep these
[WARNING] warnings, otherwise try to manually exclude artifacts
[WARNING] based on mvn dependency:tree -Ddetail=true and the above
[WARNING] output
[WARNING] See http://docs.codehaus.org/display/MAVENUSER/Shade+Plugin
[INFO] Replacing original artifact with shaded artifact.
[INFO] Replacing C:\Users\John Peter\Desktop\Aulas\VERIVAL\TestedeIntegracao\target\testeIntegracao-1.0-SNAPSHOT.jar with C:\Users\John Peter\Desktop\Aulas\VERIVAL\TestedeIntegracao\target\testeIntegracao-1.0-SNAPSHOT-shaded.jar
[INFO] Dependency-reduced POM written at: C:\Users\John Peter\Desktop\Aulas\VERIVAL\TestedeIntegracao\dependency-reduced-pom.xml
[INFO] 
[INFO] --- maven-install-plugin:2.4:install (default-install) @ testeIntegracao ---
[INFO] Installing C:\Users\John Peter\Desktop\Aulas\VERIVAL\TestedeIntegracao\target\testeIntegracao-1.0-SNAPSHOT.jar to C:\Users\John Peter\.m2\repository\com\pmendonca\testeIntegracao\1.0-SNAPSHOT\testeIntegracao-1.0-SNAPSHOT.jar
[INFO] Installing C:\Users\John Peter\Desktop\Aulas\VERIVAL\TestedeIntegracao\dependency-reduced-pom.xml to C:\Users\John Peter\.m2\repository\com\pmendonca\testeIntegracao\1.0-SNAPSHOT\testeIntegracao-1.0-SNAPSHOT.pom
[INFO] ------------------------------------------------------------------------
[INFO] BUILD SUCCESS
[INFO] ------------------------------------------------------------------------
[INFO] Total time:  6.287 s
[INFO] Finished at: 2020-06-04T17:28:05-03:00
[INFO] ------------------------------------------------------------------------
